# JRE version: OpenJDK Runtime Environment (8.0_112-b06) (build 1.8.0_112-release-b06)
# Java VM: OpenJDK 64-Bit Server VM (25.112-b06 mixed mode windows-amd64 compressed oops)
Heap:
 PSYoungGen      total 232960K, used 162442K [0x00000000e0000000, 0x00000000f2400000, 0x0000000100000000)
  eden space 213504K, 67% used [0x00000000e0000000,0x00000000e8bcc850,0x00000000ed080000)
  from space 19456K, 99% used [0x00000000f1100000,0x00000000f23d6110,0x00000000f2400000)
  to   space 25088K, 0% used [0x00000000ef300000,0x00000000ef300000,0x00000000f0b80000)
 ParOldGen       total 131072K, used 45102K [0x00000000a0000000, 0x00000000a8000000, 0x00000000e0000000)
  object space 131072K, 34% used [0x00000000a0000000,0x00000000a2c0b958,0x00000000a8000000)
 Metaspace       used 74933K, capacity 78566K, committed 78936K, reserved 1118208K
  class space    used 9653K, capacity 10253K, committed 10328K, reserved 1048576K
GC Heap History (10 events):
Event: 123.376 GC heap before
{Heap before GC invocations=17 (full 3):
 PSYoungGen      total 153088K, used 130048K [0x00000000e0000000, 0x00000000ee500000, 0x0000000100000000)
  eden space 130048K, 100% used [0x00000000e0000000,0x00000000e7f00000,0x00000000e7f00000)
  from space 23040K, 0% used [0x00000000e7f00000,0x00000000e7f00000,0x00000000e9580000)
  to   space 26112K, 0% used [0x00000000ecb80000,0x00000000ecb80000,0x00000000ee500000)
 ParOldGen       total 131072K, used 45062K [0x00000000a0000000, 0x00000000a8000000, 0x00000000e0000000)
  object space 131072K, 34% used [0x00000000a0000000,0x00000000a2c01958,0x00000000a8000000)
 Metaspace       used 59898K, capacity 62382K, committed 62680K, reserved 1103872K
  class space    used 8056K, capacity 8586K, committed 8664K, reserved 1048576K
Event: 123.403 GC heap after
Heap after GC invocations=17 (full 3):
 PSYoungGen      total 194048K, used 4769K [0x00000000e0000000, 0x00000000ede00000, 0x0000000100000000)
  eden space 175104K, 0% used [0x00000000e0000000,0x00000000e0000000,0x00000000eab00000)
  from space 18944K, 25% used [0x00000000ecb80000,0x00000000ed028400,0x00000000ede00000)
  to   space 26112K, 0% used [0x00000000eab00000,0x00000000eab00000,0x00000000ec480000)
 ParOldGen       total 131072K, used 45070K [0x00000000a0000000, 0x00000000a8000000, 0x00000000e0000000)
  object space 131072K, 34% used [0x00000000a0000000,0x00000000a2c03958,0x00000000a8000000)
 Metaspace       used 59898K, capacity 62382K, committed 62680K, reserved 1103872K
  class space    used 8056K, capacity 8586K, committed 8664K, reserved 1048576K
}
Event: 146.710 GC heap before
{Heap before GC invocations=18 (full 3):
 PSYoungGen      total 194048K, used 179873K [0x00000000e0000000, 0x00000000ede00000, 0x0000000100000000)
  eden space 175104K, 100% used [0x00000000e0000000,0x00000000eab00000,0x00000000eab00000)
  from space 18944K, 25% used [0x00000000ecb80000,0x00000000ed028400,0x00000000ede00000)
  to   space 26112K, 0% used [0x00000000eab00000,0x00000000eab00000,0x00000000ec480000)
 ParOldGen       total 131072K, used 45070K [0x00000000a0000000, 0x00000000a8000000, 0x00000000e0000000)
  object space 131072K, 34% used [0x00000000a0000000,0x00000000a2c03958,0x00000000a8000000)
 Metaspace       used 61677K, capacity 64376K, committed 64600K, reserved 1105920K
  class space    used 8209K, capacity 8750K, committed 8792K, reserved 1048576K
Event: 146.763 GC heap after
Heap after GC invocations=18 (full 3):
 PSYoungGen      total 201216K, used 14033K [0x00000000e0000000, 0x00000000f1200000, 0x0000000100000000)
  eden space 175104K, 0% used [0x00000000e0000000,0x00000000e0000000,0x00000000eab00000)
  from space 26112K, 53% used [0x00000000eab00000,0x00000000eb8b47b8,0x00000000ec480000)
  to   space 25600K, 0% used [0x00000000ef900000,0x00000000ef900000,0x00000000f1200000)
 ParOldGen       total 131072K, used 45078K [0x00000000a0000000, 0x00000000a8000000, 0x00000000e0000000)
  object space 131072K, 34% used [0x00000000a0000000,0x00000000a2c05958,0x00000000a8000000)
 Metaspace       used 61677K, capacity 64376K, committed 64600K, reserved 1105920K
  class space    used 8209K, capacity 8750K, committed 8792K, reserved 1048576K
}
Event: 547.520 GC heap before
{Heap before GC invocations=19 (full 3):
 PSYoungGen      total 201216K, used 189137K [0x00000000e0000000, 0x00000000f1200000, 0x0000000100000000)
  eden space 175104K, 100% used [0x00000000e0000000,0x00000000eab00000,0x00000000eab00000)
  from space 26112K, 53% used [0x00000000eab00000,0x00000000eb8b47b8,0x00000000ec480000)
  to   space 25600K, 0% used [0x00000000ef900000,0x00000000ef900000,0x00000000f1200000)
 ParOldGen       total 131072K, used 45078K [0x00000000a0000000, 0x00000000a8000000, 0x00000000e0000000)
  object space 131072K, 34% used [0x00000000a0000000,0x00000000a2c05958,0x00000000a8000000)
 Metaspace       used 66055K, capacity 69228K, committed 69464K, reserved 1110016K
  class space    used 8714K, capacity 9280K, committed 9304K, reserved 1048576K
Event: 547.542 GC heap after
Heap after GC invocations=19 (full 3):
 PSYoungGen      total 236544K, used 11882K [0x00000000e0000000, 0x00000000f0780000, 0x0000000100000000)
  eden space 221696K, 0% used [0x00000000e0000000,0x00000000e0000000,0x00000000ed880000)
  from space 14848K, 80% used [0x00000000ef900000,0x00000000f049ab88,0x00000000f0780000)
  to   space 24064K, 0% used [0x00000000ed880000,0x00000000ed880000,0x00000000ef000000)
 ParOldGen       total 131072K, used 45086K [0x00000000a0000000, 0x00000000a8000000, 0x00000000e0000000)
  object space 131072K, 34% used [0x00000000a0000000,0x00000000a2c07958,0x00000000a8000000)
 Metaspace       used 66055K, capacity 69228K, committed 69464K, reserved 1110016K
  class space    used 8714K, capacity 9280K, committed 9304K, reserved 1048576K
}
Event: 579.847 GC heap before
{Heap before GC invocations=20 (full 3):
 PSYoungGen      total 236544K, used 233578K [0x00000000e0000000, 0x00000000f0780000, 0x0000000100000000)
  eden space 221696K, 100% used [0x00000000e0000000,0x00000000ed880000,0x00000000ed880000)
  from space 14848K, 80% used [0x00000000ef900000,0x00000000f049ab88,0x00000000f0780000)
  to   space 24064K, 0% used [0x00000000ed880000,0x00000000ed880000,0x00000000ef000000)
 ParOldGen       total 131072K, used 45086K [0x00000000a0000000, 0x00000000a8000000, 0x00000000e0000000)
  object space 131072K, 34% used [0x00000000a0000000,0x00000000a2c07958,0x00000000a8000000)
 Metaspace       used 66767K, capacity 70046K, committed 70360K, reserved 1110016K
  class space    used 8743K, capacity 9323K, committed 9432K, reserved 1048576K
Event: 579.890 GC heap after
Heap after GC invocations=20 (full 3):
 PSYoungGen      total 245760K, used 12692K [0x00000000e0000000, 0x00000000f2800000, 0x0000000100000000)
  eden space 221696K, 0% used [0x00000000e0000000,0x00000000e0000000,0x00000000ed880000)
  from space 24064K, 52% used [0x00000000ed880000,0x00000000ee4e50b0,0x00000000ef000000)
  to   space 23552K, 0% used [0x00000000f1100000,0x00000000f1100000,0x00000000f2800000)
 ParOldGen       total 131072K, used 45094K [0x00000000a0000000, 0x00000000a8000000, 0x00000000e0000000)
  object space 131072K, 34% used [0x00000000a0000000,0x00000000a2c09958,0x00000000a8000000)
 Metaspace       used 66767K, capacity 70046K, committed 70360K, reserved 1110016K
  class space    used 8743K, capacity 9323K, committed 9432K, reserved 1048576K
}
Event: 6895.361 GC heap before
{Heap before GC invocations=21 (full 3):
 PSYoungGen      total 245760K, used 234388K [0x00000000e0000000, 0x00000000f2800000, 0x0000000100000000)
  eden space 221696K, 100% used [0x00000000e0000000,0x00000000ed880000,0x00000000ed880000)
  from space 24064K, 52% used [0x00000000ed880000,0x00000000ee4e50b0,0x00000000ef000000)
  to   space 23552K, 0% used [0x00000000f1100000,0x00000000f1100000,0x00000000f2800000)
 ParOldGen       total 131072K, used 45094K [0x00000000a0000000, 0x00000000a8000000, 0x00000000e0000000)
  object space 131072K, 34% used [0x00000000a0000000,0x00000000a2c09958,0x00000000a8000000)
 Metaspace       used 67379K, capacity 70842K, committed 71128K, reserved 1112064K
  class space    used 8794K, capacity 9375K, committed 9432K, reserved 1048576K
Event: 6895.668 GC heap after
Heap after GC invocations=21 (full 3):
 PSYoungGen      total 232960K, used 19288K [0x00000000e0000000, 0x00000000f2400000, 0x0000000100000000)
  eden space 213504K, 0% used [0x00000000e0000000,0x00000000e0000000,0x00000000ed080000)
  from space 19456K, 99% used [0x00000000f1100000,0x00000000f23d6110,0x00000000f2400000)
  to   space 25088K, 0% used [0x00000000ef300000,0x00000000ef300000,0x00000000f0b80000)
 ParOldGen       total 131072K, used 45102K [0x00000000a0000000, 0x00000000a8000000, 0x00000000e0000000)
  object space 131072K, 34% used [0x00000000a0000000,0x00000000a2c0b958,0x00000000a8000000)
 Metaspace       used 67379K, capacity 70842K, committed 71128K, reserved 1112064K
  class space    used 8794K, capacity 9375K, committed 9432K, reserved 1048576K
}

